ERROR - 2025-06-19 18:14:52 --> Error connecting to the database: mysqli_sql_exception: No se puede establecer una conexión ya que el equipo de destino denegó expresamente dicha conexión in D:\Aplicaciones\Xammp\htdocs\primer_proyecto\system\Database\MySQLi\Connection.php:184
Stack trace:
#0 D:\Aplicaciones\Xammp\htdocs\primer_proyecto\system\Database\MySQLi\Connection.php(184): mysqli->real_connect('localhost', 'root', Object(SensitiveParameterValue), 'yeny_db', 3306, '', 0)
#1 D:\Aplicaciones\Xammp\htdocs\primer_proyecto\system\Database\BaseConnection.php(391): CodeIgniter\Database\MySQLi\Connection->connect(false)
#2 D:\Aplicaciones\Xammp\htdocs\primer_proyecto\system\Database\BaseConnection.php(574): CodeIgniter\Database\BaseConnection->initialize()
#3 D:\Aplicaciones\Xammp\htdocs\primer_proyecto\system\Database\BaseBuilder.php(1615): CodeIgniter\Database\BaseConnection->query('SELECT 1\nFROM `...', Array, false)
#4 D:\Aplicaciones\Xammp\htdocs\primer_proyecto\system\Validation\StrictRules\Rules.php(206): CodeIgniter\Database\BaseBuilder->get()
#5 D:\Aplicaciones\Xammp\htdocs\primer_proyecto\system\Validation\Validation.php(309): CodeIgniter\Validation\StrictRules\Rules->is_unique('yeny_vz@gmail.c...', 'email', Array, NULL, 'email')
#6 D:\Aplicaciones\Xammp\htdocs\primer_proyecto\system\Validation\Validation.php(195): CodeIgniter\Validation\Validation->processRules('email', 'email', 'yeny_vz@gmail.c...', Array, Array)
#7 D:\Aplicaciones\Xammp\htdocs\primer_proyecto\system\Controller.php(150): CodeIgniter\Validation\Validation->run()
#8 D:\Aplicaciones\Xammp\htdocs\primer_proyecto\app\Controllers\usuario_controller.php(20): CodeIgniter\Controller->validate(Array)
#9 D:\Aplicaciones\Xammp\htdocs\primer_proyecto\system\CodeIgniter.php(919): App\Controllers\Usuario_controller->formValidation()
#10 D:\Aplicaciones\Xammp\htdocs\primer_proyecto\system\CodeIgniter.php(494): CodeIgniter\CodeIgniter->runController(Object(App\Controllers\Usuario_controller))
#11 D:\Aplicaciones\Xammp\htdocs\primer_proyecto\system\CodeIgniter.php(353): CodeIgniter\CodeIgniter->handleRequest(NULL, Object(Config\Cache), false)
#12 D:\Aplicaciones\Xammp\htdocs\primer_proyecto\index.php(79): CodeIgniter\CodeIgniter->run()
#13 {main}

Next CodeIgniter\Database\Exceptions\DatabaseException: No se puede establecer una conexión ya que el equipo de destino denegó expresamente dicha conexión in D:\Aplicaciones\Xammp\htdocs\primer_proyecto\system\Database\MySQLi\Connection.php:229
Stack trace:
#0 D:\Aplicaciones\Xammp\htdocs\primer_proyecto\system\Database\BaseConnection.php(391): CodeIgniter\Database\MySQLi\Connection->connect(false)
#1 D:\Aplicaciones\Xammp\htdocs\primer_proyecto\system\Database\BaseConnection.php(574): CodeIgniter\Database\BaseConnection->initialize()
#2 D:\Aplicaciones\Xammp\htdocs\primer_proyecto\system\Database\BaseBuilder.php(1615): CodeIgniter\Database\BaseConnection->query('SELECT 1\nFROM `...', Array, false)
#3 D:\Aplicaciones\Xammp\htdocs\primer_proyecto\system\Validation\StrictRules\Rules.php(206): CodeIgniter\Database\BaseBuilder->get()
#4 D:\Aplicaciones\Xammp\htdocs\primer_proyecto\system\Validation\Validation.php(309): CodeIgniter\Validation\StrictRules\Rules->is_unique('yeny_vz@gmail.c...', 'email', Array, NULL, 'email')
#5 D:\Aplicaciones\Xammp\htdocs\primer_proyecto\system\Validation\Validation.php(195): CodeIgniter\Validation\Validation->processRules('email', 'email', 'yeny_vz@gmail.c...', Array, Array)
#6 D:\Aplicaciones\Xammp\htdocs\primer_proyecto\system\Controller.php(150): CodeIgniter\Validation\Validation->run()
#7 D:\Aplicaciones\Xammp\htdocs\primer_proyecto\app\Controllers\usuario_controller.php(20): CodeIgniter\Controller->validate(Array)
#8 D:\Aplicaciones\Xammp\htdocs\primer_proyecto\system\CodeIgniter.php(919): App\Controllers\Usuario_controller->formValidation()
#9 D:\Aplicaciones\Xammp\htdocs\primer_proyecto\system\CodeIgniter.php(494): CodeIgniter\CodeIgniter->runController(Object(App\Controllers\Usuario_controller))
#10 D:\Aplicaciones\Xammp\htdocs\primer_proyecto\system\CodeIgniter.php(353): CodeIgniter\CodeIgniter->handleRequest(NULL, Object(Config\Cache), false)
#11 D:\Aplicaciones\Xammp\htdocs\primer_proyecto\index.php(79): CodeIgniter\CodeIgniter->run()
#12 {main}
CRITICAL - 2025-06-19 18:14:52 --> Unable to connect to the database.
Main connection [MySQLi]: No se puede establecer una conexión ya que el equipo de destino denegó expresamente dicha conexión
in SYSTEMPATH\Database\BaseConnection.php on line 427.
 1 SYSTEMPATH\Database\BaseConnection.php(574): CodeIgniter\Database\BaseConnection->initialize()
 2 SYSTEMPATH\Database\BaseBuilder.php(1615): CodeIgniter\Database\BaseConnection->query('SELECT 1
FROM `usuarios`
WHERE `email` = :email:
 LIMIT 1', [...], false)
 3 SYSTEMPATH\Validation\StrictRules\Rules.php(206): CodeIgniter\Database\BaseBuilder->get()
 4 SYSTEMPATH\Validation\Validation.php(309): CodeIgniter\Validation\StrictRules\Rules->is_unique('yeny_vz@gmail.com', 'email', [...], null, 'email')
 5 SYSTEMPATH\Validation\Validation.php(195): CodeIgniter\Validation\Validation->processRules('email', 'email', 'yeny_vz@gmail.com', [...], [...])
 6 SYSTEMPATH\Controller.php(150): CodeIgniter\Validation\Validation->run()
 7 APPPATH\Controllers\usuario_controller.php(20): CodeIgniter\Controller->validate([...])
 8 SYSTEMPATH\CodeIgniter.php(919): App\Controllers\Usuario_controller->formValidation()
 9 SYSTEMPATH\CodeIgniter.php(494): CodeIgniter\CodeIgniter->runController(Object(App\Controllers\Usuario_controller))
10 SYSTEMPATH\CodeIgniter.php(353): CodeIgniter\CodeIgniter->handleRequest(null, Object(Config\Cache), false)
11 FCPATH\index.php(79): CodeIgniter\CodeIgniter->run()
